f:\leetcode\single_linklist\single_linklist\debug\vc100.pdb
c:\users\asus\desktop\数据结构c练习\single_linklist\single_linklist\debug\vc141.pdb
c:\users\asus\desktop\数据结构c练习\single_linklist\single_linklist\debug\vc141.idb
c:\users\asus\desktop\数据结构c练习\single_linklist\single_linklist\debug\single_linklist.obj
c:\users\asus\desktop\数据结构c练习\single_linklist\single_linklist\debug\single_linklist.vcxprojresolveassemblyreference.cache
c:\users\asus\desktop\数据结构c练习\single_linklist\single_linklist\debug\cl.command.1.tlog
c:\users\asus\desktop\数据结构c练习\single_linklist\single_linklist\debug\cl.read.1.tlog
c:\users\asus\desktop\数据结构c练习\single_linklist\single_linklist\debug\cl.write.1.tlog
c:\users\asus\desktop\数据结构c练习\single_linklist\single_linklist\debug\single_linklist.write.1.tlog
c:\users\asus\desktop\数据结构c练习\single_linklist\single_linklist\debug\vc100.idb
c:\users\asus\desktop\数据结构c练习\single_linklist\single_linklist\debug\vc100.pdb
c:\users\asus\desktop\数据结构c练习\single_linklist\debug\single_linklist.pdb
c:\users\asus\desktop\数据结构c练习\single_linklist\single_linklist\debug\single_linklist.tlog\cl.command.1.tlog
c:\users\asus\desktop\数据结构c练习\single_linklist\single_linklist\debug\single_linklist.tlog\cl.read.1.tlog
c:\users\asus\desktop\数据结构c练习\single_linklist\single_linklist\debug\single_linklist.tlog\cl.write.1.tlog
c:\users\asus\desktop\数据结构c练习\single_linklist\single_linklist\debug\single_linklist.tlog\link-cvtres.read.1.tlog
c:\users\asus\desktop\数据结构c练习\single_linklist\single_linklist\debug\single_linklist.tlog\link-cvtres.write.1.tlog
c:\users\asus\desktop\数据结构c练习\single_linklist\single_linklist\debug\single_linklist.tlog\link-rc.read.1.tlog
c:\users\asus\desktop\数据结构c练习\single_linklist\single_linklist\debug\single_linklist.tlog\link-rc.write.1.tlog
c:\users\asus\desktop\数据结构c练习\single_linklist\single_linklist\debug\single_linklist.tlog\link.command.1.tlog
c:\users\asus\desktop\数据结构c练习\single_linklist\single_linklist\debug\single_linklist.tlog\link.read.1.tlog
c:\users\asus\desktop\数据结构c练习\single_linklist\single_linklist\debug\single_linklist.tlog\link.write.1.tlog
